************************************************************************************************************************
VitImageClassificationBroadFine(
  (vit): ViTModel(
    (embeddings): ViTEmbeddings(
      (patch_embeddings): ViTPatchEmbeddings(
        (projection): Conv2d(3, 768, kernel_size=(16, 16), stride=(16, 16))
      )
      (dropout): Dropout(p=0.0, inplace=False)
    )
    (encoder): ViTEncoder(
      (layer): ModuleList(
        (0-11): 12 x ViTLayer(
          (attention): ViTAttention(
            (attention): ViTSelfAttention(
              (query): Linear(in_features=768, out_features=768, bias=True)
              (key): Linear(in_features=768, out_features=768, bias=True)
              (value): Linear(in_features=768, out_features=768, bias=True)
              (dropout): Dropout(p=0.0, inplace=False)
            )
            (output): ViTSelfOutput(
              (dense): Linear(in_features=768, out_features=768, bias=True)
              (dropout): Dropout(p=0.0, inplace=False)
            )
          )
          (intermediate): ViTIntermediate(
            (dense): Linear(in_features=768, out_features=3072, bias=True)
            (intermediate_act_fn): GELUActivation()
          )
          (output): ViTOutput(
            (dense): Linear(in_features=3072, out_features=768, bias=True)
            (dropout): Dropout(p=0.0, inplace=False)
          )
          (layernorm_before): LayerNorm((768,), eps=1e-12, elementwise_affine=True)
          (layernorm_after): LayerNorm((768,), eps=1e-12, elementwise_affine=True)
        )
      )
    )
    (layernorm): LayerNorm((768,), eps=1e-12, elementwise_affine=True)
  )
  (classifier): Linear(in_features=768, out_features=10, bias=True)
)
Experiment:  vit-b-16-modified-loss_1694414347
Starting Broad Fine Alternate Class Training...
Starting Train/Eval...

Epoch: 0
Mode: MODE.TRAIN
Losses: nan
Metrics: {'Acc@1_broad': 0.674992, 'Acc@1_fine': 0.253137}
Best Acc@1_fine till now: -1

Train Metrics increased from: -1 -> 0.2531369924545288

Epoch: 0
Mode: MODE.EVAL
Losses: nan
Metrics: {'Acc@1_broad': 0.734375, 'Acc@1_fine': 0.34743232}
Best Acc@1_fine till now: -1

Eval Metrics increased from: -1 -> 0.34743231534957886
Model CKPT saved at: ./checkpoints/vit-b-16-modified-loss_1694414347.pt
Epoch took 1022.66 s

Epoch: 1
Mode: MODE.TRAIN
Losses: 1.9145639927490898
Metrics: {'Acc@1_broad': 0.74612373, 'Acc@1_fine': 0.3805147}
Best Acc@1_fine till now: 0.2531369924545288

Train Metrics increased from: 0.2531369924545288 -> 0.3805147111415863

Epoch: 1
Mode: MODE.EVAL
Losses: nan
Metrics: {'Acc@1_broad': 0.75159234, 'Acc@1_fine': 0.4178941}
Best Acc@1_fine till now: 0.34743231534957886

Eval Metrics increased from: 0.34743231534957886 -> 0.4178940951824188
Model CKPT saved at: ./checkpoints/vit-b-16-modified-loss_1694414347.pt
Epoch took 1020.82 s

Epoch: 2
Mode: MODE.TRAIN
Losses: 1.6964113248888488
Metrics: {'Acc@1_broad': 0.7516584, 'Acc@1_fine': 0.4399976}
Best Acc@1_fine till now: 0.3805147111415863

Train Metrics increased from: 0.3805147111415863 -> 0.4399976134300232

Epoch: 2
Mode: MODE.EVAL
Losses: nan
Metrics: {'Acc@1_broad': 0.75736463, 'Acc@1_fine': 0.46815288}
Best Acc@1_fine till now: 0.4178940951824188

Eval Metrics increased from: 0.4178940951824188 -> 0.46815288066864014
Model CKPT saved at: ./checkpoints/vit-b-16-modified-loss_1694414347.pt
Epoch took 1020.91 s

Epoch: 3
Mode: MODE.TRAIN
Losses: 1.5325513229040844
Metrics: {'Acc@1_broad': 0.7581322, 'Acc@1_fine': 0.4856338}
Best Acc@1_fine till now: 0.4399976134300232

Train Metrics increased from: 0.4399976134300232 -> 0.4856337904930115

Epoch: 3
Mode: MODE.EVAL
Losses: nan
Metrics: {'Acc@1_broad': 0.77338773, 'Acc@1_fine': 0.5106489}
Best Acc@1_fine till now: 0.46815288066864014

Eval Metrics increased from: 0.46815288066864014 -> 0.5106489062309265
Model CKPT saved at: ./checkpoints/vit-b-16-modified-loss_1694414347.pt
Epoch took 1021.52 s

Epoch: 4
Mode: MODE.TRAIN
Losses: 1.3947091678829144
Metrics: {'Acc@1_broad': 0.7603301, 'Acc@1_fine': 0.52929187}
Best Acc@1_fine till now: 0.4856337904930115

Train Metrics increased from: 0.4856337904930115 -> 0.5292918682098389

Epoch: 4
Mode: MODE.EVAL
Losses: nan
Metrics: {'Acc@1_broad': 0.7701035, 'Acc@1_fine': 0.5437898}
Best Acc@1_fine till now: 0.5106489062309265

Eval Metrics increased from: 0.5106489062309265 -> 0.543789803981781
Model CKPT saved at: ./checkpoints/vit-b-16-modified-loss_1694414347.pt
Epoch took 1021.18 s

Epoch: 5
Mode: MODE.TRAIN
Losses: 1.2865314171899616
Metrics: {'Acc@1_broad': 0.7608496, 'Acc@1_fine': 0.56214035}
Best Acc@1_fine till now: 0.5292918682098389

Train Metrics increased from: 0.5292918682098389 -> 0.5621403455734253

Epoch: 5
Mode: MODE.EVAL
Losses: nan
Metrics: {'Acc@1_broad': 0.7615446, 'Acc@1_fine': 0.5787221}
Best Acc@1_fine till now: 0.543789803981781

Eval Metrics increased from: 0.543789803981781 -> 0.5787221193313599
Model CKPT saved at: ./checkpoints/vit-b-16-modified-loss_1694414347.pt
Epoch took 1020.80 s

Epoch: 6
Mode: MODE.TRAIN
Losses: 1.1953260746148542
Metrics: {'Acc@1_broad': 0.747942, 'Acc@1_fine': 0.5923114}
Best Acc@1_fine till now: 0.5621403455734253

Train Metrics increased from: 0.5621403455734253 -> 0.5923113822937012

Epoch: 6
Mode: MODE.EVAL
Losses: nan
Metrics: {'Acc@1_broad': 0.73905253, 'Acc@1_fine': 0.59534234}
Best Acc@1_fine till now: 0.5787221193313599

Eval Metrics increased from: 0.5787221193313599 -> 0.5953423380851746
Model CKPT saved at: ./checkpoints/vit-b-16-modified-loss_1694414347.pt
Epoch took 1020.75 s

Epoch: 7
Mode: MODE.TRAIN
Losses: 1.1263996913762349
Metrics: {'Acc@1_broad': 0.7296995, 'Acc@1_fine': 0.6128517}
Best Acc@1_fine till now: 0.5923113822937012

Train Metrics increased from: 0.5923113822937012 -> 0.6128516793251038

Epoch: 7
Mode: MODE.EVAL
Losses: nan
Metrics: {'Acc@1_broad': 0.7307922, 'Acc@1_fine': 0.625}
Best Acc@1_fine till now: 0.5953423380851746

Eval Metrics increased from: 0.5953423380851746 -> 0.625
Model CKPT saved at: ./checkpoints/vit-b-16-modified-loss_1694414347.pt
Epoch took 1020.58 s

Epoch: 8
Mode: MODE.TRAIN
Losses: 1.0669424634455416
Metrics: {'Acc@1_broad': 0.7255235, 'Acc@1_fine': 0.63259274}
Best Acc@1_fine till now: 0.6128516793251038

Train Metrics increased from: 0.6128516793251038 -> 0.6325927376747131

Epoch: 8
Mode: MODE.EVAL
Losses: nan
Metrics: {'Acc@1_broad': 0.7339769, 'Acc@1_fine': 0.64530253}
Best Acc@1_fine till now: 0.625

Eval Metrics increased from: 0.625 -> 0.6453025341033936
Model CKPT saved at: ./checkpoints/vit-b-16-modified-loss_1694414347.pt
Epoch took 1020.62 s

Epoch: 9
Mode: MODE.TRAIN
Losses: 1.0154507285951044
Metrics: {'Acc@1_broad': 0.7224265, 'Acc@1_fine': 0.65129477}
Best Acc@1_fine till now: 0.6325927376747131

Train Metrics increased from: 0.6325927376747131 -> 0.6512947678565979

Epoch: 9
Mode: MODE.EVAL
Losses: nan
Metrics: {'Acc@1_broad': 0.6932723, 'Acc@1_fine': 0.6622213}
Best Acc@1_fine till now: 0.6453025341033936

Eval Metrics increased from: 0.6453025341033936 -> 0.6622213125228882
Model CKPT saved at: ./checkpoints/vit-b-16-modified-loss_1694414347.pt
Epoch took 1021.18 s

Epoch: 10
Mode: MODE.TRAIN
Losses: 0.9679663083742341
Metrics: {'Acc@1_broad': 0.7107377, 'Acc@1_fine': 0.6657209}
Best Acc@1_fine till now: 0.6512947678565979

Train Metrics increased from: 0.6512947678565979 -> 0.6657208800315857

Epoch: 10
Mode: MODE.EVAL
Losses: nan
Metrics: {'Acc@1_broad': 0.6784435, 'Acc@1_fine': 0.6653065}
Best Acc@1_fine till now: 0.6622213125228882

Eval Metrics increased from: 0.6622213125228882 -> 0.6653065085411072
Model CKPT saved at: ./checkpoints/vit-b-16-modified-loss_1694414347.pt
Epoch took 1020.57 s

Epoch: 11
Mode: MODE.TRAIN
Losses: 0.9270700471632926
Metrics: {'Acc@1_broad': 0.7044837, 'Acc@1_fine': 0.6805267}
Best Acc@1_fine till now: 0.6657208800315857

Train Metrics increased from: 0.6657208800315857 -> 0.6805266737937927

Epoch: 11
Mode: MODE.EVAL
Losses: nan
Metrics: {'Acc@1_broad': 0.7151672, 'Acc@1_fine': 0.6800358}
Best Acc@1_fine till now: 0.6653065085411072

Eval Metrics increased from: 0.6653065085411072 -> 0.6800358295440674
Model CKPT saved at: ./checkpoints/vit-b-16-modified-loss_1694414347.pt
Epoch took 1021.16 s

Epoch: 12
Mode: MODE.TRAIN
Losses: 0.8879191315997287
Metrics: {'Acc@1_broad': 0.706262, 'Acc@1_fine': 0.6972906}
Best Acc@1_fine till now: 0.6805266737937927

Train Metrics increased from: 0.6805266737937927 -> 0.6972905993461609

Epoch: 12
Mode: MODE.EVAL
Losses: nan
Metrics: {'Acc@1_broad': 0.7022293, 'Acc@1_fine': 0.6946656}
Best Acc@1_fine till now: 0.6800358295440674

Eval Metrics increased from: 0.6800358295440674 -> 0.6946656107902527
Model CKPT saved at: ./checkpoints/vit-b-16-modified-loss_1694414347.pt
Epoch took 1020.61 s

Epoch: 13
Mode: MODE.TRAIN
Losses: 0.8856491846654116
Metrics: {'Acc@1_broad': 0.7014666, 'Acc@1_fine': 0.6964714}
Best Acc@1_fine till now: 0.6972905993461609


Epoch: 13
Mode: MODE.EVAL
Losses: nan
Metrics: {'Acc@1_broad': 0.70203024, 'Acc@1_fine': 0.69357085}
Best Acc@1_fine till now: 0.6946656107902527

Epoch took 1017.92 s

Epoch: 14
Mode: MODE.TRAIN
Losses: 0.8792950524698437
Metrics: {'Acc@1_broad': 0.70014787, 'Acc@1_fine': 0.69850945}
Best Acc@1_fine till now: 0.6972905993461609

Train Metrics increased from: 0.6972905993461609 -> 0.6985094547271729

Epoch: 14
Mode: MODE.EVAL
Losses: nan
Metrics: {'Acc@1_broad': 0.6949642, 'Acc@1_fine': 0.6938694}
Best Acc@1_fine till now: 0.6946656107902527

Epoch took 1018.25 s

Epoch: 15
Mode: MODE.TRAIN
Losses: 0.8782068814920343
Metrics: {'Acc@1_broad': 0.701047, 'Acc@1_fine': 0.70004797}
Best Acc@1_fine till now: 0.6985094547271729

Train Metrics increased from: 0.6985094547271729 -> 0.7000479698181152

Epoch: 15
Mode: MODE.EVAL
Losses: nan
Metrics: {'Acc@1_broad': 0.69048566, 'Acc@1_fine': 0.6960589}
Best Acc@1_fine till now: 0.6946656107902527

Eval Metrics increased from: 0.6946656107902527 -> 0.6960589289665222
Model CKPT saved at: ./checkpoints/vit-b-16-modified-loss_1694414347.pt
Epoch took 1020.58 s

Epoch: 16
Mode: MODE.TRAIN
Losses: 0.8732566359402884
Metrics: {'Acc@1_broad': 0.6945932, 'Acc@1_fine': 0.7005675}
Best Acc@1_fine till now: 0.7000479698181152

Train Metrics increased from: 0.7000479698181152 -> 0.7005674839019775

Epoch: 16
Mode: MODE.EVAL
Losses: nan
Metrics: {'Acc@1_broad': 0.691879, 'Acc@1_fine': 0.6986465}
Best Acc@1_fine till now: 0.6960589289665222

Eval Metrics increased from: 0.6960589289665222 -> 0.6986464858055115
Model CKPT saved at: ./checkpoints/vit-b-16-modified-loss_1694414347.pt
Epoch took 1019.94 s

Epoch: 17
Mode: MODE.TRAIN
Losses: 0.8662787862598439
Metrics: {'Acc@1_broad': 0.69607174, 'Acc@1_fine': 0.7027454}
Best Acc@1_fine till now: 0.7005674839019775

Train Metrics increased from: 0.7005674839019775 -> 0.7027453780174255

Epoch: 17
Mode: MODE.EVAL
Losses: nan
Metrics: {'Acc@1_broad': 0.69207805, 'Acc@1_fine': 0.6986465}
Best Acc@1_fine till now: 0.6986464858055115

Epoch took 1017.58 s

Epoch: 18
Mode: MODE.TRAIN
Losses: 0.8661217502011057
Metrics: {'Acc@1_broad': 0.6950727, 'Acc@1_fine': 0.7034247}
Best Acc@1_fine till now: 0.7027453780174255

Train Metrics increased from: 0.7027453780174255 -> 0.7034246921539307

Epoch: 18
Mode: MODE.EVAL
Losses: nan
Metrics: {'Acc@1_broad': 0.6934713, 'Acc@1_fine': 0.7004379}
Best Acc@1_fine till now: 0.6986464858055115

Eval Metrics increased from: 0.6986464858055115 -> 0.7004379034042358
Model CKPT saved at: ./checkpoints/vit-b-16-modified-loss_1694414347.pt
Epoch took 1020.45 s

Epoch: 19
Mode: MODE.TRAIN
Losses: 0.8599669592612235
Metrics: {'Acc@1_broad': 0.6964514, 'Acc@1_fine': 0.7054228}
Best Acc@1_fine till now: 0.7034246921539307

Train Metrics increased from: 0.7034246921539307 -> 0.7054228186607361

Epoch: 19
Mode: MODE.EVAL
Losses: nan
Metrics: {'Acc@1_broad': 0.694168, 'Acc@1_fine': 0.702926}
Best Acc@1_fine till now: 0.7004379034042358

Eval Metrics increased from: 0.7004379034042358 -> 0.702925980091095
Model CKPT saved at: ./checkpoints/vit-b-16-modified-loss_1694414347.pt
Epoch took 1020.75 s

Epoch: 20
Mode: MODE.TRAIN
Losses: 0.8572387884340018
Metrics: {'Acc@1_broad': 0.6946931, 'Acc@1_fine': 0.706222}
Best Acc@1_fine till now: 0.7054228186607361

Train Metrics increased from: 0.7054228186607361 -> 0.7062219977378845

Epoch: 20
Mode: MODE.EVAL
Losses: nan
Metrics: {'Acc@1_broad': 0.6883957, 'Acc@1_fine': 0.7025279}
Best Acc@1_fine till now: 0.702925980091095

Epoch took 1018.16 s

Epoch: 21
Mode: MODE.TRAIN
Losses: 0.8516280241024768
Metrics: {'Acc@1_broad': 0.69591194, 'Acc@1_fine': 0.7080203}
Best Acc@1_fine till now: 0.7062219977378845

Train Metrics increased from: 0.7062219977378845 -> 0.7080203294754028

Epoch: 21
Mode: MODE.EVAL
Losses: 0.9002762142640011
Metrics: {'Acc@1_broad': 0.6940685, 'Acc@1_fine': 0.70362264}
Best Acc@1_fine till now: 0.702925980091095

Eval Metrics increased from: 0.702925980091095 -> 0.7036226391792297
Model CKPT saved at: ./checkpoints/vit-b-16-modified-loss_1694414347.pt
Epoch took 1020.22 s

Epoch: 22
Mode: MODE.TRAIN
Losses: 0.8502349329878912
Metrics: {'Acc@1_broad': 0.6954923, 'Acc@1_fine': 0.70921916}
Best Acc@1_fine till now: 0.7080203294754028

Train Metrics increased from: 0.7080203294754028 -> 0.7092191576957703

Epoch: 22
Mode: MODE.EVAL
Losses: nan
Metrics: {'Acc@1_broad': 0.69217753, 'Acc@1_fine': 0.70382166}
Best Acc@1_fine till now: 0.7036226391792297

Eval Metrics increased from: 0.7036226391792297 -> 0.7038216590881348
Model CKPT saved at: ./checkpoints/vit-b-16-modified-loss_1694414347.pt
Epoch took 1020.63 s

Epoch: 23
Mode: MODE.TRAIN
Losses: 0.8457707708982556
Metrics: {'Acc@1_broad': 0.6959519, 'Acc@1_fine': 0.7086797}
Best Acc@1_fine till now: 0.7092191576957703


Epoch: 23
Mode: MODE.EVAL
Losses: nan
Metrics: {'Acc@1_broad': 0.69008756, 'Acc@1_fine': 0.7037221}
Best Acc@1_fine till now: 0.7038216590881348

Epoch took 1018.02 s

Epoch: 24
Mode: MODE.TRAIN
Losses: 0.8478692455974686
Metrics: {'Acc@1_broad': 0.69283485, 'Acc@1_fine': 0.71043795}
Best Acc@1_fine till now: 0.7092191576957703

Train Metrics increased from: 0.7092191576957703 -> 0.7104379534721375

Epoch: 24
Mode: MODE.EVAL
Losses: nan
Metrics: {'Acc@1_broad': 0.69177943, 'Acc@1_fine': 0.70551354}
Best Acc@1_fine till now: 0.7038216590881348

Eval Metrics increased from: 0.7038216590881348 -> 0.7055135369300842
Model CKPT saved at: ./checkpoints/vit-b-16-modified-loss_1694414347.pt
Epoch took 1020.35 s

Epoch: 25
Mode: MODE.TRAIN
Losses: 0.8447785561194505
Metrics: {'Acc@1_broad': 0.69151616, 'Acc@1_fine': 0.7113371}
Best Acc@1_fine till now: 0.7104379534721375

Train Metrics increased from: 0.7104379534721375 -> 0.7113370895385742

Epoch: 25
Mode: MODE.EVAL
Losses: nan
Metrics: {'Acc@1_broad': 0.689789, 'Acc@1_fine': 0.7048169}
Best Acc@1_fine till now: 0.7055135369300842

Epoch took 1017.78 s

Epoch: 26
Mode: MODE.TRAIN
Losses: 0.8481743935581363
Metrics: {'Acc@1_broad': 0.69461316, 'Acc@1_fine': 0.70873964}
Best Acc@1_fine till now: 0.7113370895385742


Epoch: 26
Mode: MODE.EVAL
Losses: nan
Metrics: {'Acc@1_broad': 0.68819666, 'Acc@1_fine': 0.70382166}
Best Acc@1_fine till now: 0.7055135369300842

Epoch took 1017.92 s

Epoch: 27
Mode: MODE.TRAIN
Losses: 0.8481391281880382
Metrics: {'Acc@1_broad': 0.69451326, 'Acc@1_fine': 0.71109736}
Best Acc@1_fine till now: 0.7113370895385742


Epoch: 27
Mode: MODE.EVAL
Losses: nan
Metrics: {'Acc@1_broad': 0.6896895, 'Acc@1_fine': 0.70431924}
Best Acc@1_fine till now: 0.7055135369300842

Epoch took 1017.89 s

Epoch: 28
Mode: MODE.TRAIN
Losses: 0.8441224395466582
Metrics: {'Acc@1_broad': 0.6941137, 'Acc@1_fine': 0.71097744}
Best Acc@1_fine till now: 0.7113370895385742


Epoch: 28
Mode: MODE.EVAL
Losses: nan
Metrics: {'Acc@1_broad': 0.6903862, 'Acc@1_fine': 0.7045183}
Best Acc@1_fine till now: 0.7055135369300842

Epoch took 1017.55 s

Epoch: 29
Mode: MODE.TRAIN
Losses: 0.8448597914575006
Metrics: {'Acc@1_broad': 0.6934343, 'Acc@1_fine': 0.71027815}
Best Acc@1_fine till now: 0.7113370895385742


Epoch: 29
Mode: MODE.EVAL
Losses: nan
Metrics: {'Acc@1_broad': 0.69068474, 'Acc@1_fine': 0.7053145}
Best Acc@1_fine till now: 0.7055135369300842

Epoch took 1017.57 s

Epoch: 30
Mode: MODE.TRAIN
Losses: 0.845633748699637
Metrics: {'Acc@1_broad': 0.6929947, 'Acc@1_fine': 0.71027815}
Best Acc@1_fine till now: 0.7113370895385742


Epoch: 30
Mode: MODE.EVAL
Losses: nan
Metrics: {'Acc@1_broad': 0.6910828, 'Acc@1_fine': 0.7050159}
Best Acc@1_fine till now: 0.7055135369300842

Epoch took 1017.64 s

Epoch: 31
Mode: MODE.TRAIN
Losses: 0.8451819904624959
Metrics: {'Acc@1_broad': 0.6924752, 'Acc@1_fine': 0.71043795}
Best Acc@1_fine till now: 0.7113370895385742


Epoch: 31
Mode: MODE.EVAL
Losses: nan
Metrics: {'Acc@1_broad': 0.6899881, 'Acc@1_fine': 0.70591164}
Best Acc@1_fine till now: 0.7055135369300842

Eval Metrics increased from: 0.7055135369300842 -> 0.7059116363525391
Model CKPT saved at: ./checkpoints/vit-b-16-modified-loss_1694414347.pt
Epoch took 1019.82 s

Epoch: 32
Mode: MODE.TRAIN
Losses: 0.8468002266133837
Metrics: {'Acc@1_broad': 0.6920357, 'Acc@1_fine': 0.70834}
Best Acc@1_fine till now: 0.7113370895385742


Epoch: 32
Mode: MODE.EVAL
Losses: nan
Metrics: {'Acc@1_broad': 0.6899881, 'Acc@1_fine': 0.7070064}
Best Acc@1_fine till now: 0.7059116363525391

Eval Metrics increased from: 0.7059116363525391 -> 0.7070063948631287
Model CKPT saved at: ./checkpoints/vit-b-16-modified-loss_1694414347.pt
Epoch took 1019.79 s

Epoch: 33
Mode: MODE.TRAIN
Losses: 0.8426073362760227
Metrics: {'Acc@1_broad': 0.691656, 'Acc@1_fine': 0.712496}
Best Acc@1_fine till now: 0.7113370895385742

Train Metrics increased from: 0.7113370895385742 -> 0.7124959826469421

Epoch: 33
Mode: MODE.EVAL
Losses: nan
Metrics: {'Acc@1_broad': 0.69028664, 'Acc@1_fine': 0.70630974}
Best Acc@1_fine till now: 0.7070063948631287

Epoch took 1017.40 s

Epoch: 34
Mode: MODE.TRAIN
Losses: 0.8438490378429823
Metrics: {'Acc@1_broad': 0.69393384, 'Acc@1_fine': 0.7100983}
Best Acc@1_fine till now: 0.7124959826469421


Epoch: 34
Mode: MODE.EVAL
Losses: nan
Metrics: {'Acc@1_broad': 0.69028664, 'Acc@1_fine': 0.7056131}
Best Acc@1_fine till now: 0.7070063948631287

Epoch took 1017.65 s

Epoch: 35
Mode: MODE.TRAIN
Losses: 0.8431898332617777
Metrics: {'Acc@1_broad': 0.6928948, 'Acc@1_fine': 0.71275574}
Best Acc@1_fine till now: 0.7124959826469421

Train Metrics increased from: 0.7124959826469421 -> 0.7127557396888733

Epoch: 35
Mode: MODE.EVAL
Losses: nan
Metrics: {'Acc@1_broad': 0.6887938, 'Acc@1_fine': 0.70511544}
Best Acc@1_fine till now: 0.7070063948631287

Epoch took 1017.47 s

Epoch: 36
Mode: MODE.TRAIN
Losses: 0.8422867957969455
Metrics: {'Acc@1_broad': 0.693774, 'Acc@1_fine': 0.71105736}
Best Acc@1_fine till now: 0.7127557396888733


Epoch: 36
Mode: MODE.EVAL
Losses: nan
Metrics: {'Acc@1_broad': 0.69028664, 'Acc@1_fine': 0.7066083}
Best Acc@1_fine till now: 0.7070063948631287

Epoch took 1017.06 s

Epoch: 37
Mode: MODE.TRAIN
Losses: 0.8452046681243135
Metrics: {'Acc@1_broad': 0.69109654, 'Acc@1_fine': 0.71081764}
Best Acc@1_fine till now: 0.7127557396888733


Epoch: 37
Mode: MODE.EVAL
Losses: nan
Metrics: {'Acc@1_broad': 0.6901871, 'Acc@1_fine': 0.7053145}
Best Acc@1_fine till now: 0.7070063948631287

Epoch took 1017.43 s

Epoch: 38
Mode: MODE.TRAIN
Losses: 0.8409123037324842
Metrics: {'Acc@1_broad': 0.6905371, 'Acc@1_fine': 0.71241605}
Best Acc@1_fine till now: 0.7127557396888733


Epoch: 38
Mode: MODE.EVAL
Losses: nan
Metrics: {'Acc@1_broad': 0.6891919, 'Acc@1_fine': 0.7058121}
Best Acc@1_fine till now: 0.7070063948631287

Epoch took 1017.50 s

Epoch: 39
Mode: MODE.TRAIN
Losses: 0.8440505882053424
Metrics: {'Acc@1_broad': 0.6925951, 'Acc@1_fine': 0.7116169}
Best Acc@1_fine till now: 0.7127557396888733


Epoch: 39
Mode: MODE.EVAL
Losses: nan
Metrics: {'Acc@1_broad': 0.6905852, 'Acc@1_fine': 0.7067078}
Best Acc@1_fine till now: 0.7070063948631287

Epoch took 1017.23 s

Epoch: 40
Mode: MODE.TRAIN
Losses: 0.8417384831420601
Metrics: {'Acc@1_broad': 0.6922754, 'Acc@1_fine': 0.71231616}
Best Acc@1_fine till now: 0.7127557396888733


Epoch: 40
Mode: MODE.EVAL
Losses: nan
Metrics: {'Acc@1_broad': 0.6907842, 'Acc@1_fine': 0.70650876}
Best Acc@1_fine till now: 0.7070063948631287

Epoch took 1017.34 s

Epoch: 41
Mode: MODE.TRAIN
Losses: 0.842421712625362
Metrics: {'Acc@1_broad': 0.6935342, 'Acc@1_fine': 0.7115769}
Best Acc@1_fine till now: 0.7127557396888733


Epoch: 41
Mode: MODE.EVAL
Losses: nan
Metrics: {'Acc@1_broad': 0.6893909, 'Acc@1_fine': 0.7067078}
Best Acc@1_fine till now: 0.7070063948631287

Epoch took 1017.05 s

Epoch: 42
Mode: MODE.TRAIN
Losses: 0.8444876535164426
Metrics: {'Acc@1_broad': 0.6948729, 'Acc@1_fine': 0.71105736}
Best Acc@1_fine till now: 0.7127557396888733


Epoch: 42
Mode: MODE.EVAL
Losses: nan
Metrics: {'Acc@1_broad': 0.6896895, 'Acc@1_fine': 0.7062102}
Best Acc@1_fine till now: 0.7070063948631287

Epoch took 1017.07 s

Epoch: 43
Mode: MODE.TRAIN
Losses: 0.8440845774872529
Metrics: {'Acc@1_broad': 0.6925951, 'Acc@1_fine': 0.7102581}
Best Acc@1_fine till now: 0.7127557396888733


Epoch: 43
Mode: MODE.EVAL
Losses: nan
Metrics: {'Acc@1_broad': 0.6907842, 'Acc@1_fine': 0.7067078}
Best Acc@1_fine till now: 0.7070063948631287

Epoch took 1017.09 s

Epoch: 44
Mode: MODE.TRAIN
Losses: 0.8439066898639854
Metrics: {'Acc@1_broad': 0.69243526, 'Acc@1_fine': 0.710398}
Best Acc@1_fine till now: 0.7127557396888733


Epoch: 44
Mode: MODE.EVAL
Losses: nan
Metrics: {'Acc@1_broad': 0.6896895, 'Acc@1_fine': 0.7066083}
Best Acc@1_fine till now: 0.7070063948631287

Epoch took 1017.63 s

Epoch: 45
Mode: MODE.TRAIN
Losses: 0.8444658191612614
Metrics: {'Acc@1_broad': 0.691656, 'Acc@1_fine': 0.71095747}
Best Acc@1_fine till now: 0.7127557396888733


Epoch: 45
Mode: MODE.EVAL
Losses: nan
Metrics: {'Acc@1_broad': 0.6899881, 'Acc@1_fine': 0.7072054}
Best Acc@1_fine till now: 0.7070063948631287

Eval Metrics increased from: 0.7070063948631287 -> 0.7072054147720337
Model CKPT saved at: ./checkpoints/vit-b-16-modified-loss_1694414347.pt
Epoch took 1019.42 s

Epoch: 46
Mode: MODE.TRAIN
Losses: 0.8433307004554192
Metrics: {'Acc@1_broad': 0.693774, 'Acc@1_fine': 0.7117168}
Best Acc@1_fine till now: 0.7127557396888733


Epoch: 46
Mode: MODE.EVAL
Losses: nan
Metrics: {'Acc@1_broad': 0.69028664, 'Acc@1_fine': 0.707504}
Best Acc@1_fine till now: 0.7072054147720337

Eval Metrics increased from: 0.7072054147720337 -> 0.7075039744377136
Model CKPT saved at: ./checkpoints/vit-b-16-modified-loss_1694414347.pt
Epoch took 1019.73 s

Epoch: 47
Mode: MODE.TRAIN
Losses: 0.8437303109547062
Metrics: {'Acc@1_broad': 0.692655, 'Acc@1_fine': 0.7106378}
Best Acc@1_fine till now: 0.7127557396888733


Epoch: 47
Mode: MODE.EVAL
Losses: nan
Metrics: {'Acc@1_broad': 0.6899881, 'Acc@1_fine': 0.7066083}
Best Acc@1_fine till now: 0.7075039744377136

Epoch took 1017.34 s

Epoch: 48
Mode: MODE.TRAIN
Losses: 0.843667402215626
Metrics: {'Acc@1_broad': 0.6912564, 'Acc@1_fine': 0.71285564}
Best Acc@1_fine till now: 0.7127557396888733

Train Metrics increased from: 0.7127557396888733 -> 0.7128556370735168

Epoch: 48
Mode: MODE.EVAL
Losses: nan
Metrics: {'Acc@1_broad': 0.6896895, 'Acc@1_fine': 0.70630974}
Best Acc@1_fine till now: 0.7075039744377136

Epoch took 1017.37 s

Epoch: 49
Mode: MODE.TRAIN
Losses: 0.8412206788044756
Metrics: {'Acc@1_broad': 0.69359416, 'Acc@1_fine': 0.71159685}
Best Acc@1_fine till now: 0.7128556370735168


Epoch: 49
Mode: MODE.EVAL
Losses: nan
Metrics: {'Acc@1_broad': 0.6907842, 'Acc@1_fine': 0.7066083}
Best Acc@1_fine till now: 0.7075039744377136

Epoch took 1017.48 s

Epoch: 50
Mode: MODE.TRAIN
Losses: nan
Metrics: {'Acc@1_broad': 0.6924952, 'Acc@1_fine': 0.7116568}
Best Acc@1_fine till now: 0.7128556370735168


Epoch: 50
Mode: MODE.EVAL
Losses: nan
Metrics: {'Acc@1_broad': 0.689789, 'Acc@1_fine': 0.7072054}
Best Acc@1_fine till now: 0.7075039744377136

Epoch took 1021.76 s

Epoch: 51
Mode: MODE.TRAIN
Losses: 0.8447998673714641
Metrics: {'Acc@1_broad': 0.69225544, 'Acc@1_fine': 0.7113771}
Best Acc@1_fine till now: 0.7128556370735168


Epoch: 51
Mode: MODE.EVAL
Losses: nan
Metrics: {'Acc@1_broad': 0.69008756, 'Acc@1_fine': 0.7060112}
Best Acc@1_fine till now: 0.7075039744377136

Epoch took 1017.66 s

Epoch: 52
Mode: MODE.TRAIN
Losses: 0.8424137073099766
Metrics: {'Acc@1_broad': 0.69337434, 'Acc@1_fine': 0.7111773}
Best Acc@1_fine till now: 0.7128556370735168


Epoch: 52
Mode: MODE.EVAL
Losses: nan
Metrics: {'Acc@1_broad': 0.69008756, 'Acc@1_fine': 0.70690686}
Best Acc@1_fine till now: 0.7075039744377136

Epoch took 1017.84 s

Epoch: 53
Mode: MODE.TRAIN
Losses: 0.8438438614616004
Metrics: {'Acc@1_broad': 0.6900975, 'Acc@1_fine': 0.71119726}
Best Acc@1_fine till now: 0.7128556370735168


Epoch: 53
Mode: MODE.EVAL
Losses: nan
Metrics: {'Acc@1_broad': 0.689789, 'Acc@1_fine': 0.70571256}
Best Acc@1_fine till now: 0.7075039744377136

Epoch took 1017.37 s

Epoch: 54
Mode: MODE.TRAIN
Losses: 0.8427491197195809
Metrics: {'Acc@1_broad': 0.6929947, 'Acc@1_fine': 0.71203643}
Best Acc@1_fine till now: 0.7128556370735168


Epoch: 54
Mode: MODE.EVAL
Losses: nan
Metrics: {'Acc@1_broad': 0.6901871, 'Acc@1_fine': 0.70630974}
Best Acc@1_fine till now: 0.7075039744377136

Epoch took 1017.57 s

Epoch: 55
Mode: MODE.TRAIN
Losses: 0.8426477766555288
Metrics: {'Acc@1_broad': 0.6946931, 'Acc@1_fine': 0.71289563}
Best Acc@1_fine till now: 0.7128556370735168

Train Metrics increased from: 0.7128556370735168 -> 0.7128956317901611

Epoch: 55
Mode: MODE.EVAL
Losses: nan
Metrics: {'Acc@1_broad': 0.6907842, 'Acc@1_fine': 0.70690686}
Best Acc@1_fine till now: 0.7075039744377136

Epoch took 1017.36 s

Epoch: 56
Mode: MODE.TRAIN
Losses: 0.8456940339196979
Metrics: {'Acc@1_broad': 0.69287485, 'Acc@1_fine': 0.71091753}
Best Acc@1_fine till now: 0.7128956317901611


Epoch: 56
Mode: MODE.EVAL
Losses: nan
Metrics: {'Acc@1_broad': 0.6901871, 'Acc@1_fine': 0.70650876}
Best Acc@1_fine till now: 0.7075039744377136

Epoch took 1017.69 s

Epoch: 57
Mode: MODE.TRAIN
Losses: 0.8426956827454555
Metrics: {'Acc@1_broad': 0.6934743, 'Acc@1_fine': 0.7117767}
Best Acc@1_fine till now: 0.7128956317901611


Epoch: 57
Mode: MODE.EVAL
Losses: nan
Metrics: {'Acc@1_broad': 0.68959, 'Acc@1_fine': 0.70591164}
Best Acc@1_fine till now: 0.7075039744377136

Epoch took 1017.63 s

Epoch: 58
Mode: MODE.TRAIN
Losses: 0.8431222357256029
Metrics: {'Acc@1_broad': 0.6927949, 'Acc@1_fine': 0.7107577}
Best Acc@1_fine till now: 0.7128956317901611


Epoch: 58
Mode: MODE.EVAL
Losses: nan
Metrics: {'Acc@1_broad': 0.69048566, 'Acc@1_fine': 0.70650876}
Best Acc@1_fine till now: 0.7075039744377136

Epoch took 1017.73 s

Epoch: 59
Mode: MODE.TRAIN
Losses: 0.844573063847354
Metrics: {'Acc@1_broad': 0.6927949, 'Acc@1_fine': 0.70891947}
Best Acc@1_fine till now: 0.7128956317901611


Epoch: 59
Mode: MODE.EVAL
Losses: nan
Metrics: {'Acc@1_broad': 0.6901871, 'Acc@1_fine': 0.7068073}
Best Acc@1_fine till now: 0.7075039744377136

Epoch took 1017.81 s

Epoch: 60
Mode: MODE.TRAIN
Losses: 0.8424526313534173
Metrics: {'Acc@1_broad': 0.6935342, 'Acc@1_fine': 0.71013826}
Best Acc@1_fine till now: 0.7128956317901611


Epoch: 60
Mode: MODE.EVAL
Losses: nan
Metrics: {'Acc@1_broad': 0.6901871, 'Acc@1_fine': 0.7068073}
Best Acc@1_fine till now: 0.7075039744377136

Epoch took 1017.56 s

Epoch: 61
Mode: MODE.TRAIN
Losses: 0.8425254708208392
Metrics: {'Acc@1_broad': 0.69547236, 'Acc@1_fine': 0.7110774}
Best Acc@1_fine till now: 0.7128956317901611


Epoch: 61
Mode: MODE.EVAL
Losses: nan
Metrics: {'Acc@1_broad': 0.68988854, 'Acc@1_fine': 0.7068073}
Best Acc@1_fine till now: 0.7075039744377136

Epoch took 1017.53 s

Epoch: 62
Mode: MODE.TRAIN
Losses: 0.8436701366358705
Metrics: {'Acc@1_broad': 0.6911365, 'Acc@1_fine': 0.7115169}
Best Acc@1_fine till now: 0.7128956317901611


Epoch: 62
Mode: MODE.EVAL
Losses: nan
Metrics: {'Acc@1_broad': 0.6910828, 'Acc@1_fine': 0.7068073}
Best Acc@1_fine till now: 0.7075039744377136

Epoch took 1017.63 s

Epoch: 63
Mode: MODE.TRAIN
Losses: 0.8443459427493918
Metrics: {'Acc@1_broad': 0.6922754, 'Acc@1_fine': 0.7115569}
Best Acc@1_fine till now: 0.7128956317901611


Epoch: 63
Mode: MODE.EVAL
Losses: nan
Metrics: {'Acc@1_broad': 0.69048566, 'Acc@1_fine': 0.7062102}
Best Acc@1_fine till now: 0.7075039744377136

Epoch took 1017.83 s

Epoch: 64
Mode: MODE.TRAIN
Losses: 0.8438285131131291
Metrics: {'Acc@1_broad': 0.692755, 'Acc@1_fine': 0.7112572}
Best Acc@1_fine till now: 0.7128956317901611


Epoch: 64
Mode: MODE.EVAL
Losses: nan
Metrics: {'Acc@1_broad': 0.6907842, 'Acc@1_fine': 0.70740443}
Best Acc@1_fine till now: 0.7075039744377136

Epoch took 1017.10 s

Epoch: 65
Mode: MODE.TRAIN
Losses: 0.844479591035477
Metrics: {'Acc@1_broad': 0.692655, 'Acc@1_fine': 0.7106977}
Best Acc@1_fine till now: 0.7128956317901611


Epoch: 65
Mode: MODE.EVAL
Losses: nan
Metrics: {'Acc@1_broad': 0.6901871, 'Acc@1_fine': 0.70650876}
Best Acc@1_fine till now: 0.7075039744377136

Epoch took 1017.58 s

Epoch: 66
Mode: MODE.TRAIN
Losses: 0.8416941386583211
Metrics: {'Acc@1_broad': 0.6940537, 'Acc@1_fine': 0.71057785}
Best Acc@1_fine till now: 0.7128956317901611


Epoch: 66
Mode: MODE.EVAL
Losses: nan
Metrics: {'Acc@1_broad': 0.68959, 'Acc@1_fine': 0.70650876}
Best Acc@1_fine till now: 0.7075039744377136

Epoch took 1017.30 s

Epoch: 67
Mode: MODE.TRAIN
Losses: 0.843941126104511
Metrics: {'Acc@1_broad': 0.6912164, 'Acc@1_fine': 0.71081764}
Best Acc@1_fine till now: 0.7128956317901611


Epoch: 67
Mode: MODE.EVAL
Losses: nan
Metrics: {'Acc@1_broad': 0.69048566, 'Acc@1_fine': 0.70650876}
Best Acc@1_fine till now: 0.7075039744377136

Epoch took 1017.35 s

Epoch: 68
Mode: MODE.TRAIN
Losses: 0.8422115647122074
Metrics: {'Acc@1_broad': 0.6932545, 'Acc@1_fine': 0.71101743}
Best Acc@1_fine till now: 0.7128956317901611


Epoch: 68
Mode: MODE.EVAL
Losses: nan
Metrics: {'Acc@1_broad': 0.6910828, 'Acc@1_fine': 0.7068073}
Best Acc@1_fine till now: 0.7075039744377136

Epoch took 1017.38 s

Epoch: 69
Mode: MODE.TRAIN
Losses: 0.8434184668847667
Metrics: {'Acc@1_broad': 0.6905171, 'Acc@1_fine': 0.7113571}
Best Acc@1_fine till now: 0.7128956317901611


Epoch: 69
Mode: MODE.EVAL
Losses: nan
Metrics: {'Acc@1_broad': 0.6901871, 'Acc@1_fine': 0.70740443}
Best Acc@1_fine till now: 0.7075039744377136

Epoch took 1017.67 s

Epoch: 70
Mode: MODE.TRAIN
Losses: 0.8431440379156177
Metrics: {'Acc@1_broad': 0.69307464, 'Acc@1_fine': 0.7110774}
Best Acc@1_fine till now: 0.7128956317901611


Epoch: 70
Mode: MODE.EVAL
Losses: nan
Metrics: {'Acc@1_broad': 0.6901871, 'Acc@1_fine': 0.70650876}
Best Acc@1_fine till now: 0.7075039744377136

Epoch took 1017.20 s

Epoch: 71
Mode: MODE.TRAIN
Losses: 0.8413278489847622
Metrics: {'Acc@1_broad': 0.6920756, 'Acc@1_fine': 0.71245605}
Best Acc@1_fine till now: 0.7128956317901611


Epoch: 71
Mode: MODE.EVAL
Losses: nan
Metrics: {'Acc@1_broad': 0.6907842, 'Acc@1_fine': 0.7071059}
Best Acc@1_fine till now: 0.7075039744377136

Epoch took 1017.43 s

Epoch: 72
Mode: MODE.TRAIN
Losses: 0.8425012988888699
Metrics: {'Acc@1_broad': 0.69235533, 'Acc@1_fine': 0.7095388}
Best Acc@1_fine till now: 0.7128956317901611


Epoch: 72
Mode: MODE.EVAL
Losses: nan
Metrics: {'Acc@1_broad': 0.69048566, 'Acc@1_fine': 0.70740443}
Best Acc@1_fine till now: 0.7075039744377136

Epoch took 1017.12 s

Epoch: 73
Mode: MODE.TRAIN
Losses: 0.8416841588819118
Metrics: {'Acc@1_broad': 0.693714, 'Acc@1_fine': 0.7110774}
Best Acc@1_fine till now: 0.7128956317901611


Epoch: 73
Mode: MODE.EVAL
Losses: nan
Metrics: {'Acc@1_broad': 0.6901871, 'Acc@1_fine': 0.7068073}
Best Acc@1_fine till now: 0.7075039744377136

Epoch took 1017.34 s

Epoch: 74
Mode: MODE.TRAIN
Losses: 0.8440400015972459
Metrics: {'Acc@1_broad': 0.69143623, 'Acc@1_fine': 0.7115569}
Best Acc@1_fine till now: 0.7128956317901611


Epoch: 74
Mode: MODE.EVAL
Losses: nan
Metrics: {'Acc@1_broad': 0.6901871, 'Acc@1_fine': 0.7068073}
Best Acc@1_fine till now: 0.7075039744377136

Epoch took 1017.24 s

Epoch: 75
Mode: MODE.TRAIN
Losses: 0.8433390651898616
Metrics: {'Acc@1_broad': 0.6936141, 'Acc@1_fine': 0.71089756}
Best Acc@1_fine till now: 0.7128956317901611


Epoch: 75
Mode: MODE.EVAL
Losses: nan
Metrics: {'Acc@1_broad': 0.68959, 'Acc@1_fine': 0.70650876}
Best Acc@1_fine till now: 0.7075039744377136

Epoch took 1017.81 s

Epoch: 76
Mode: MODE.TRAIN
Losses: 0.8422992603705667
Metrics: {'Acc@1_broad': 0.6905371, 'Acc@1_fine': 0.7106977}
Best Acc@1_fine till now: 0.7128956317901611


Epoch: 76
Mode: MODE.EVAL
Losses: nan
Metrics: {'Acc@1_broad': 0.68988854, 'Acc@1_fine': 0.7068073}
Best Acc@1_fine till now: 0.7075039744377136

Epoch took 1017.71 s

Epoch: 77
Mode: MODE.TRAIN
Losses: 0.8406007729680337
Metrics: {'Acc@1_broad': 0.6925951, 'Acc@1_fine': 0.71295553}
Best Acc@1_fine till now: 0.7128956317901611

Train Metrics increased from: 0.7128956317901611 -> 0.7129555344581604

Epoch: 77
Mode: MODE.EVAL
Losses: nan
Metrics: {'Acc@1_broad': 0.6901871, 'Acc@1_fine': 0.7062102}
Best Acc@1_fine till now: 0.7075039744377136

Epoch took 1017.86 s

Epoch: 78
Mode: MODE.TRAIN
Losses: 0.8405969131480703
Metrics: {'Acc@1_broad': 0.6945732, 'Acc@1_fine': 0.7116169}
Best Acc@1_fine till now: 0.7129555344581604


Epoch: 78
Mode: MODE.EVAL
Losses: nan
Metrics: {'Acc@1_broad': 0.6901871, 'Acc@1_fine': 0.7062102}
Best Acc@1_fine till now: 0.7075039744377136

Epoch took 1017.64 s

Epoch: 79
Mode: MODE.TRAIN
Losses: 0.8424345501091169
Metrics: {'Acc@1_broad': 0.69311464, 'Acc@1_fine': 0.7108376}
Best Acc@1_fine till now: 0.7129555344581604


Epoch: 79
Mode: MODE.EVAL
Losses: nan
Metrics: {'Acc@1_broad': 0.6907842, 'Acc@1_fine': 0.70650876}
Best Acc@1_fine till now: 0.7075039744377136

Epoch took 1017.71 s

Epoch: 80
Mode: MODE.TRAIN
Losses: 0.841150477719124
Metrics: {'Acc@1_broad': 0.6930547, 'Acc@1_fine': 0.71287566}
Best Acc@1_fine till now: 0.7129555344581604


Epoch: 80
Mode: MODE.EVAL
Losses: nan
Metrics: {'Acc@1_broad': 0.69048566, 'Acc@1_fine': 0.7068073}
Best Acc@1_fine till now: 0.7075039744377136

Epoch took 1017.53 s

Epoch: 81
Mode: MODE.TRAIN
Losses: 0.8433761894702911
Metrics: {'Acc@1_broad': 0.69191575, 'Acc@1_fine': 0.71129715}
Best Acc@1_fine till now: 0.7129555344581604


Epoch: 81
Mode: MODE.EVAL
Losses: nan
Metrics: {'Acc@1_broad': 0.6892914, 'Acc@1_fine': 0.7068073}
Best Acc@1_fine till now: 0.7075039744377136

Epoch took 1017.26 s

Epoch: 82
Mode: MODE.TRAIN
Losses: 0.8440737995650153
Metrics: {'Acc@1_broad': 0.692695, 'Acc@1_fine': 0.71097744}
Best Acc@1_fine till now: 0.7129555344581604


Epoch: 82
Mode: MODE.EVAL
Losses: nan
Metrics: {'Acc@1_broad': 0.6910828, 'Acc@1_fine': 0.7062102}
Best Acc@1_fine till now: 0.7075039744377136

Epoch took 1017.40 s

Epoch: 83
Mode: MODE.TRAIN
Losses: 0.8397524803495773
Metrics: {'Acc@1_broad': 0.69273496, 'Acc@1_fine': 0.7120564}
Best Acc@1_fine till now: 0.7129555344581604


Epoch: 83
Mode: MODE.EVAL
Losses: nan
Metrics: {'Acc@1_broad': 0.69048566, 'Acc@1_fine': 0.7068073}
Best Acc@1_fine till now: 0.7075039744377136

Epoch took 1017.89 s

Epoch: 84
Mode: MODE.TRAIN
Losses: 0.8430471915342009
Metrics: {'Acc@1_broad': 0.6924752, 'Acc@1_fine': 0.71089756}
Best Acc@1_fine till now: 0.7129555344581604


Epoch: 84
Mode: MODE.EVAL
Losses: nan
Metrics: {'Acc@1_broad': 0.68988854, 'Acc@1_fine': 0.70650876}
Best Acc@1_fine till now: 0.7075039744377136

Epoch took 1017.64 s

Epoch: 85
Mode: MODE.TRAIN
Losses: 0.8421709156402236
Metrics: {'Acc@1_broad': 0.693714, 'Acc@1_fine': 0.7111173}
Best Acc@1_fine till now: 0.7129555344581604


Epoch: 85
Mode: MODE.EVAL
Losses: nan
Metrics: {'Acc@1_broad': 0.6907842, 'Acc@1_fine': 0.70591164}
Best Acc@1_fine till now: 0.7075039744377136

Epoch took 1017.51 s

Epoch: 86
Mode: MODE.TRAIN
Losses: 0.8428130258837014
Metrics: {'Acc@1_broad': 0.6934743, 'Acc@1_fine': 0.7118566}
Best Acc@1_fine till now: 0.7129555344581604


Epoch: 86
Mode: MODE.EVAL
Losses: nan
Metrics: {'Acc@1_broad': 0.6910828, 'Acc@1_fine': 0.7068073}
Best Acc@1_fine till now: 0.7075039744377136

Epoch took 1017.45 s

Epoch: 87
Mode: MODE.TRAIN
Losses: 0.8406236630571468
Metrics: {'Acc@1_broad': 0.6920956, 'Acc@1_fine': 0.7118566}
Best Acc@1_fine till now: 0.7129555344581604


Epoch: 87
Mode: MODE.EVAL
Losses: nan
Metrics: {'Acc@1_broad': 0.6910828, 'Acc@1_fine': 0.70650876}
Best Acc@1_fine till now: 0.7075039744377136

Epoch took 1017.13 s

Epoch: 88
Mode: MODE.TRAIN
Losses: 0.842286174635753
Metrics: {'Acc@1_broad': 0.6951327, 'Acc@1_fine': 0.7112772}
Best Acc@1_fine till now: 0.7129555344581604


Epoch: 88
Mode: MODE.EVAL
Losses: nan
Metrics: {'Acc@1_broad': 0.6901871, 'Acc@1_fine': 0.7071059}
Best Acc@1_fine till now: 0.7075039744377136

Epoch took 1017.27 s

Epoch: 89
Mode: MODE.TRAIN
Losses: 0.8431331448237914
Metrics: {'Acc@1_broad': 0.69345427, 'Acc@1_fine': 0.7113171}
Best Acc@1_fine till now: 0.7129555344581604


Epoch: 89
Mode: MODE.EVAL
Losses: nan
Metrics: {'Acc@1_broad': 0.69048566, 'Acc@1_fine': 0.7071059}
Best Acc@1_fine till now: 0.7075039744377136

Epoch took 1017.69 s

Epoch: 90
Mode: MODE.TRAIN
Losses: 0.8417421494755903
Metrics: {'Acc@1_broad': 0.6917559, 'Acc@1_fine': 0.71183664}
Best Acc@1_fine till now: 0.7129555344581604


Epoch: 90
Mode: MODE.EVAL
Losses: nan
Metrics: {'Acc@1_broad': 0.6907842, 'Acc@1_fine': 0.7056131}
Best Acc@1_fine till now: 0.7075039744377136

Epoch took 1017.18 s

Epoch: 91
Mode: MODE.TRAIN
Losses: 0.842100062791039
Metrics: {'Acc@1_broad': 0.6923753, 'Acc@1_fine': 0.71211636}
Best Acc@1_fine till now: 0.7129555344581604


Epoch: 91
Mode: MODE.EVAL
Losses: nan
Metrics: {'Acc@1_broad': 0.68988854, 'Acc@1_fine': 0.7068073}
Best Acc@1_fine till now: 0.7075039744377136

Epoch took 1017.36 s

Epoch: 92
Mode: MODE.TRAIN
Losses: 0.8427639278152105
Metrics: {'Acc@1_broad': 0.6941736, 'Acc@1_fine': 0.7105579}
Best Acc@1_fine till now: 0.7129555344581604


Epoch: 92
Mode: MODE.EVAL
Losses: nan
Metrics: {'Acc@1_broad': 0.68959, 'Acc@1_fine': 0.7068073}
Best Acc@1_fine till now: 0.7075039744377136

Epoch took 1017.76 s

Epoch: 93
Mode: MODE.TRAIN
Losses: 0.8422627550409273
Metrics: {'Acc@1_broad': 0.6933344, 'Acc@1_fine': 0.71183664}
Best Acc@1_fine till now: 0.7129555344581604


Epoch: 93
Mode: MODE.EVAL
Losses: nan
Metrics: {'Acc@1_broad': 0.69048566, 'Acc@1_fine': 0.70650876}
Best Acc@1_fine till now: 0.7075039744377136

Epoch took 1017.70 s

Epoch: 94
Mode: MODE.TRAIN
Losses: 0.8444791046326118
Metrics: {'Acc@1_broad': 0.6930547, 'Acc@1_fine': 0.7113771}
Best Acc@1_fine till now: 0.7129555344581604


Epoch: 94
Mode: MODE.EVAL
Losses: nan
Metrics: {'Acc@1_broad': 0.69048566, 'Acc@1_fine': 0.7068073}
Best Acc@1_fine till now: 0.7075039744377136

Epoch took 1017.38 s

Epoch: 95
Mode: MODE.TRAIN
Losses: 0.8463278978377047
Metrics: {'Acc@1_broad': 0.69201565, 'Acc@1_fine': 0.7099784}
Best Acc@1_fine till now: 0.7129555344581604


Epoch: 95
Mode: MODE.EVAL
Losses: nan
Metrics: {'Acc@1_broad': 0.68988854, 'Acc@1_fine': 0.70650876}
Best Acc@1_fine till now: 0.7075039744377136

Epoch took 1017.96 s

Epoch: 96
Mode: MODE.TRAIN
Losses: 0.8420651709789511
Metrics: {'Acc@1_broad': 0.6963715, 'Acc@1_fine': 0.7117168}
Best Acc@1_fine till now: 0.7129555344581604


Epoch: 96
Mode: MODE.EVAL
Losses: nan
Metrics: {'Acc@1_broad': 0.69048566, 'Acc@1_fine': 0.7062102}
Best Acc@1_fine till now: 0.7075039744377136

Epoch took 1017.94 s

Epoch: 97
Mode: MODE.TRAIN
Losses: 0.8423249952476043
Metrics: {'Acc@1_broad': 0.6938539, 'Acc@1_fine': 0.7111373}
Best Acc@1_fine till now: 0.7129555344581604


Epoch: 97
Mode: MODE.EVAL
Losses: nan
Metrics: {'Acc@1_broad': 0.6901871, 'Acc@1_fine': 0.70650876}
Best Acc@1_fine till now: 0.7075039744377136

Epoch took 1017.87 s

Epoch: 98
Mode: MODE.TRAIN
Losses: 0.8456284705254123
Metrics: {'Acc@1_broad': 0.6918358, 'Acc@1_fine': 0.7097387}
Best Acc@1_fine till now: 0.7129555344581604


Epoch: 98
Mode: MODE.EVAL
Losses: nan
Metrics: {'Acc@1_broad': 0.69048566, 'Acc@1_fine': 0.7068073}
Best Acc@1_fine till now: 0.7075039744377136

Epoch took 1017.97 s

Epoch: 99
Mode: MODE.TRAIN
Losses: 0.8416898486864232
Metrics: {'Acc@1_broad': 0.69273496, 'Acc@1_fine': 0.7120764}
Best Acc@1_fine till now: 0.7129555344581604


Epoch: 99
Mode: MODE.EVAL
Losses: nan
Metrics: {'Acc@1_broad': 0.68899286, 'Acc@1_fine': 0.70650876}
Best Acc@1_fine till now: 0.7075039744377136

Epoch took 1018.57 s

Epoch: 100
Mode: MODE.TRAIN
Losses: nan
Metrics: {'Acc@1_broad': 0.6935342, 'Acc@1_fine': 0.71139705}
Best Acc@1_fine till now: 0.7129555344581604


Epoch: 100
Mode: MODE.EVAL
Losses: nan
Metrics: {'Acc@1_broad': 0.69048566, 'Acc@1_fine': 0.70740443}
Best Acc@1_fine till now: 0.7075039744377136

Epoch took 1021.91 s

Epoch: 101
Mode: MODE.TRAIN
Losses: 0.8430008074968977
Metrics: {'Acc@1_broad': 0.69329447, 'Acc@1_fine': 0.713535}
Best Acc@1_fine till now: 0.7129555344581604

Train Metrics increased from: 0.7129555344581604 -> 0.7135350108146667

Epoch: 101
Mode: MODE.EVAL
Losses: nan
Metrics: {'Acc@1_broad': 0.6901871, 'Acc@1_fine': 0.7068073}
Best Acc@1_fine till now: 0.7075039744377136

Epoch took 1017.93 s

Epoch: 102
Mode: MODE.TRAIN
Losses: 0.8432827335794258
Metrics: {'Acc@1_broad': 0.6946731, 'Acc@1_fine': 0.7112372}
Best Acc@1_fine till now: 0.7135350108146667


Epoch: 102
Mode: MODE.EVAL
Losses: nan
Metrics: {'Acc@1_broad': 0.68988854, 'Acc@1_fine': 0.7062102}
Best Acc@1_fine till now: 0.7075039744377136

Epoch took 1017.56 s

Epoch: 103
Mode: MODE.TRAIN
Losses: 0.8461371565718785
Metrics: {'Acc@1_broad': 0.69147617, 'Acc@1_fine': 0.7113771}
Best Acc@1_fine till now: 0.7135350108146667


Epoch: 103
Mode: MODE.EVAL
Losses: nan
Metrics: {'Acc@1_broad': 0.68988854, 'Acc@1_fine': 0.7062102}
Best Acc@1_fine till now: 0.7075039744377136

Epoch took 1017.74 s

Epoch: 104
Mode: MODE.TRAIN
Losses: 0.841446791082392
Metrics: {'Acc@1_broad': 0.6933344, 'Acc@1_fine': 0.7130954}
Best Acc@1_fine till now: 0.7135350108146667


Epoch: 104
Mode: MODE.EVAL
Losses: nan
Metrics: {'Acc@1_broad': 0.6901871, 'Acc@1_fine': 0.7062102}
Best Acc@1_fine till now: 0.7075039744377136

Epoch took 1017.63 s

Epoch: 105
Mode: MODE.TRAIN
Losses: 0.8415201988137896
Metrics: {'Acc@1_broad': 0.6922954, 'Acc@1_fine': 0.7122762}
Best Acc@1_fine till now: 0.7135350108146667


Epoch: 105
Mode: MODE.EVAL
Losses: nan
Metrics: {'Acc@1_broad': 0.69048566, 'Acc@1_fine': 0.7068073}
Best Acc@1_fine till now: 0.7075039744377136

Epoch took 1017.30 s

Epoch: 106
Mode: MODE.TRAIN
Losses: 0.8418242203457581
Metrics: {'Acc@1_broad': 0.69393384, 'Acc@1_fine': 0.7118966}
Best Acc@1_fine till now: 0.7135350108146667


Epoch: 106
Mode: MODE.EVAL
Losses: nan
Metrics: {'Acc@1_broad': 0.6892914, 'Acc@1_fine': 0.7056131}
Best Acc@1_fine till now: 0.7075039744377136

Epoch took 1017.58 s

Epoch: 107
Mode: MODE.TRAIN
Losses: 0.8422857104512431
Metrics: {'Acc@1_broad': 0.69245523, 'Acc@1_fine': 0.7121763}
Best Acc@1_fine till now: 0.7135350108146667


Epoch: 107
Mode: MODE.EVAL
Losses: nan
Metrics: {'Acc@1_broad': 0.69048566, 'Acc@1_fine': 0.70650876}
Best Acc@1_fine till now: 0.7075039744377136

Epoch took 1017.60 s

Epoch: 108
Mode: MODE.TRAIN
Losses: 0.8418222755727256
Metrics: {'Acc@1_broad': 0.69383395, 'Acc@1_fine': 0.7106378}
Best Acc@1_fine till now: 0.7135350108146667


Epoch: 108
Mode: MODE.EVAL
Losses: nan
Metrics: {'Acc@1_broad': 0.68959, 'Acc@1_fine': 0.70650876}
Best Acc@1_fine till now: 0.7075039744377136

Epoch took 1017.84 s

Epoch: 109
Mode: MODE.TRAIN
Losses: 0.8416498674608558
Metrics: {'Acc@1_broad': 0.69321454, 'Acc@1_fine': 0.7121363}
Best Acc@1_fine till now: 0.7135350108146667


Epoch: 109
Mode: MODE.EVAL
Losses: nan
Metrics: {'Acc@1_broad': 0.6907842, 'Acc@1_fine': 0.70650876}
Best Acc@1_fine till now: 0.7075039744377136

Epoch took 1017.86 s

Epoch: 110
Mode: MODE.TRAIN
Losses: 0.8425600985279473
Metrics: {'Acc@1_broad': 0.6936541, 'Acc@1_fine': 0.7121763}
Best Acc@1_fine till now: 0.7135350108146667


Epoch: 110
Mode: MODE.EVAL
Losses: nan
Metrics: {'Acc@1_broad': 0.69048566, 'Acc@1_fine': 0.7068073}
Best Acc@1_fine till now: 0.7075039744377136

Epoch took 1017.64 s

Epoch: 111
Mode: MODE.TRAIN
Losses: 0.8437955650069829
Metrics: {'Acc@1_broad': 0.6935342, 'Acc@1_fine': 0.7112572}
Best Acc@1_fine till now: 0.7135350108146667


Epoch: 111
Mode: MODE.EVAL
Losses: nan
Metrics: {'Acc@1_broad': 0.68988854, 'Acc@1_fine': 0.70591164}
Best Acc@1_fine till now: 0.7075039744377136

Epoch took 1017.75 s

Epoch: 112
Mode: MODE.TRAIN
Losses: 0.8413550862113534
Metrics: {'Acc@1_broad': 0.6941936, 'Acc@1_fine': 0.7127757}
Best Acc@1_fine till now: 0.7135350108146667


Epoch: 112
Mode: MODE.EVAL
Losses: nan
Metrics: {'Acc@1_broad': 0.6901871, 'Acc@1_fine': 0.7071059}
Best Acc@1_fine till now: 0.7075039744377136

Epoch took 1018.04 s

Epoch: 113
Mode: MODE.TRAIN
Losses: 0.8429875923392108
Metrics: {'Acc@1_broad': 0.6920956, 'Acc@1_fine': 0.711417}
Best Acc@1_fine till now: 0.7135350108146667


Epoch: 113
Mode: MODE.EVAL
Losses: nan
Metrics: {'Acc@1_broad': 0.6901871, 'Acc@1_fine': 0.7068073}
Best Acc@1_fine till now: 0.7075039744377136

Epoch took 1018.22 s

Epoch: 114
Mode: MODE.TRAIN
Losses: 0.8422087623792536
Metrics: {'Acc@1_broad': 0.6918758, 'Acc@1_fine': 0.71245605}
Best Acc@1_fine till now: 0.7135350108146667


Epoch: 114
Mode: MODE.EVAL
Losses: nan
Metrics: {'Acc@1_broad': 0.6901871, 'Acc@1_fine': 0.70650876}
Best Acc@1_fine till now: 0.7075039744377136

Epoch took 1017.52 s

Epoch: 115
Mode: MODE.TRAIN
Losses: 0.8423499796930176
Metrics: {'Acc@1_broad': 0.6920357, 'Acc@1_fine': 0.71095747}
Best Acc@1_fine till now: 0.7135350108146667


Epoch: 115
Mode: MODE.EVAL
Losses: nan
Metrics: {'Acc@1_broad': 0.69048566, 'Acc@1_fine': 0.70591164}
Best Acc@1_fine till now: 0.7075039744377136

Epoch took 1017.67 s

Epoch: 116
Mode: MODE.TRAIN
Losses: 0.8428885766002528
Metrics: {'Acc@1_broad': 0.693774, 'Acc@1_fine': 0.7130155}
Best Acc@1_fine till now: 0.7135350108146667


Epoch: 116
Mode: MODE.EVAL
Losses: nan
Metrics: {'Acc@1_broad': 0.68959, 'Acc@1_fine': 0.7071059}
Best Acc@1_fine till now: 0.7075039744377136

Epoch took 1017.57 s

Epoch: 117
Mode: MODE.TRAIN
Losses: 0.8432924189149876
Metrics: {'Acc@1_broad': 0.69211555, 'Acc@1_fine': 0.71097744}
Best Acc@1_fine till now: 0.7135350108146667


Epoch: 117
Mode: MODE.EVAL
Losses: nan
Metrics: {'Acc@1_broad': 0.6901871, 'Acc@1_fine': 0.7056131}
Best Acc@1_fine till now: 0.7075039744377136

Epoch took 1017.74 s

Epoch: 118
Mode: MODE.TRAIN
Losses: 0.8446861164039358
Metrics: {'Acc@1_broad': 0.6929148, 'Acc@1_fine': 0.7112372}
Best Acc@1_fine till now: 0.7135350108146667


Epoch: 118
Mode: MODE.EVAL
Losses: nan
Metrics: {'Acc@1_broad': 0.69048566, 'Acc@1_fine': 0.7056131}
Best Acc@1_fine till now: 0.7075039744377136

Epoch took 1017.92 s

Epoch: 119
Mode: MODE.TRAIN
Losses: 0.8426963477335927
Metrics: {'Acc@1_broad': 0.69233537, 'Acc@1_fine': 0.7115569}
Best Acc@1_fine till now: 0.7135350108146667


Epoch: 119
Mode: MODE.EVAL
Losses: nan
Metrics: {'Acc@1_broad': 0.68988854, 'Acc@1_fine': 0.70770305}
Best Acc@1_fine till now: 0.7075039744377136

Eval Metrics increased from: 0.7075039744377136 -> 0.7077030539512634
Model CKPT saved at: ./checkpoints/vit-b-16-modified-loss_1694414347.pt
Epoch took 1020.52 s

Epoch: 120
Mode: MODE.TRAIN
Losses: 0.8409458879772049
Metrics: {'Acc@1_broad': 0.6944933, 'Acc@1_fine': 0.71183664}
Best Acc@1_fine till now: 0.7135350108146667


Epoch: 120
Mode: MODE.EVAL
Losses: nan
Metrics: {'Acc@1_broad': 0.68959, 'Acc@1_fine': 0.7068073}
Best Acc@1_fine till now: 0.7077030539512634

Epoch took 1017.38 s

Epoch: 121
Mode: MODE.TRAIN
Losses: 0.8439907576040844
Metrics: {'Acc@1_broad': 0.69423354, 'Acc@1_fine': 0.71097744}
Best Acc@1_fine till now: 0.7135350108146667


Epoch: 121
Mode: MODE.EVAL
Losses: nan
Metrics: {'Acc@1_broad': 0.6892914, 'Acc@1_fine': 0.70650876}
Best Acc@1_fine till now: 0.7077030539512634

Epoch took 1017.70 s

Epoch: 122
Mode: MODE.TRAIN
Losses: 0.841499339436631
Metrics: {'Acc@1_broad': 0.69337434, 'Acc@1_fine': 0.7123362}
Best Acc@1_fine till now: 0.7135350108146667


Epoch: 122
Mode: MODE.EVAL
Losses: nan
Metrics: {'Acc@1_broad': 0.68959, 'Acc@1_fine': 0.70650876}
Best Acc@1_fine till now: 0.7077030539512634

Epoch took 1017.94 s

Epoch: 123
Mode: MODE.TRAIN
Losses: 0.8439713727558971
Metrics: {'Acc@1_broad': 0.69263506, 'Acc@1_fine': 0.710458}
Best Acc@1_fine till now: 0.7135350108146667


Epoch: 123
Mode: MODE.EVAL
Losses: nan
Metrics: {'Acc@1_broad': 0.6901871, 'Acc@1_fine': 0.7056131}
Best Acc@1_fine till now: 0.7077030539512634

Epoch took 1017.71 s

Epoch: 124
Mode: MODE.TRAIN
Losses: 0.8433679135711601
Metrics: {'Acc@1_broad': 0.6938539, 'Acc@1_fine': 0.7112772}
Best Acc@1_fine till now: 0.7135350108146667


Epoch: 124
Mode: MODE.EVAL
Losses: nan
Metrics: {'Acc@1_broad': 0.68988854, 'Acc@1_fine': 0.70650876}
Best Acc@1_fine till now: 0.7077030539512634

Epoch took 1018.09 s

Epoch: 125
Mode: MODE.TRAIN
Losses: 0.8450709187694828
Metrics: {'Acc@1_broad': 0.6934343, 'Acc@1_fine': 0.70985854}
Best Acc@1_fine till now: 0.7135350108146667


Epoch: 125
Mode: MODE.EVAL
Losses: nan
Metrics: {'Acc@1_broad': 0.69048566, 'Acc@1_fine': 0.70650876}
Best Acc@1_fine till now: 0.7077030539512634

Epoch took 1017.56 s

Epoch: 126
Mode: MODE.TRAIN
Losses: 0.8428556579153251
Metrics: {'Acc@1_broad': 0.69509274, 'Acc@1_fine': 0.7111773}
Best Acc@1_fine till now: 0.7135350108146667


Epoch: 126
Mode: MODE.EVAL
Losses: nan
Metrics: {'Acc@1_broad': 0.6907842, 'Acc@1_fine': 0.7068073}
Best Acc@1_fine till now: 0.7077030539512634

Epoch took 1017.96 s

Epoch: 127
Mode: MODE.TRAIN
Losses: 0.8416378429478697
Metrics: {'Acc@1_broad': 0.692715, 'Acc@1_fine': 0.7116169}
Best Acc@1_fine till now: 0.7135350108146667


Epoch: 127
Mode: MODE.EVAL
Losses: nan
Metrics: {'Acc@1_broad': 0.68988854, 'Acc@1_fine': 0.70591164}
Best Acc@1_fine till now: 0.7077030539512634

Epoch took 1017.70 s

Epoch: 128
Mode: MODE.TRAIN
Losses: 0.8396348897224802
Metrics: {'Acc@1_broad': 0.69211555, 'Acc@1_fine': 0.7123362}
Best Acc@1_fine till now: 0.7135350108146667


Epoch: 128
Mode: MODE.EVAL
Losses: nan
Metrics: {'Acc@1_broad': 0.6901871, 'Acc@1_fine': 0.7056131}
Best Acc@1_fine till now: 0.7077030539512634

Epoch took 1017.59 s

Epoch: 129
Mode: MODE.TRAIN
Losses: 0.8428100090654914
Metrics: {'Acc@1_broad': 0.6908168, 'Acc@1_fine': 0.70965874}
Best Acc@1_fine till now: 0.7135350108146667


Epoch: 129
Mode: MODE.EVAL
Losses: nan
Metrics: {'Acc@1_broad': 0.68959, 'Acc@1_fine': 0.7068073}
Best Acc@1_fine till now: 0.7077030539512634

Epoch took 1017.72 s

Epoch: 130
Mode: MODE.TRAIN
Losses: 0.8445422635282702
Metrics: {'Acc@1_broad': 0.694833, 'Acc@1_fine': 0.7098985}
Best Acc@1_fine till now: 0.7135350108146667


Epoch: 130
Mode: MODE.EVAL
Losses: nan
Metrics: {'Acc@1_broad': 0.6892914, 'Acc@1_fine': 0.7068073}
Best Acc@1_fine till now: 0.7077030539512634

Epoch took 1017.69 s

Epoch: 131
Mode: MODE.TRAIN
Losses: 0.8451764283658904
Metrics: {'Acc@1_broad': 0.6931546, 'Acc@1_fine': 0.7113771}
Best Acc@1_fine till now: 0.7135350108146667


Epoch: 131
Mode: MODE.EVAL
Losses: nan
Metrics: {'Acc@1_broad': 0.69048566, 'Acc@1_fine': 0.70591164}
Best Acc@1_fine till now: 0.7077030539512634

Epoch took 1018.21 s

Epoch: 132
Mode: MODE.TRAIN
Losses: 0.8431211075819361
Metrics: {'Acc@1_broad': 0.69139624, 'Acc@1_fine': 0.711477}
Best Acc@1_fine till now: 0.7135350108146667


Epoch: 132
Mode: MODE.EVAL
Losses: nan
Metrics: {'Acc@1_broad': 0.6907842, 'Acc@1_fine': 0.7068073}
Best Acc@1_fine till now: 0.7077030539512634

Epoch took 1017.00 s

Epoch: 133
Mode: MODE.TRAIN
Losses: 0.8444003106078224
Metrics: {'Acc@1_broad': 0.69471306, 'Acc@1_fine': 0.71047795}
Best Acc@1_fine till now: 0.7135350108146667


Epoch: 133
Mode: MODE.EVAL
Losses: nan
Metrics: {'Acc@1_broad': 0.69048566, 'Acc@1_fine': 0.7071059}
Best Acc@1_fine till now: 0.7077030539512634

Epoch took 1017.23 s

Epoch: 134
Mode: MODE.TRAIN
Losses: 0.8443861567913113
Metrics: {'Acc@1_broad': 0.6905371, 'Acc@1_fine': 0.71139705}
Best Acc@1_fine till now: 0.7135350108146667


Epoch: 134
Mode: MODE.EVAL
Losses: nan
Metrics: {'Acc@1_broad': 0.6892914, 'Acc@1_fine': 0.7071059}
Best Acc@1_fine till now: 0.7077030539512634

Epoch took 1018.00 s

Epoch: 135
Mode: MODE.TRAIN
Losses: 0.8417579971463479
Metrics: {'Acc@1_broad': 0.69141626, 'Acc@1_fine': 0.7125959}
Best Acc@1_fine till now: 0.7135350108146667


Epoch: 135
Mode: MODE.EVAL
Losses: nan
Metrics: {'Acc@1_broad': 0.6901871, 'Acc@1_fine': 0.7071059}
Best Acc@1_fine till now: 0.7077030539512634

Epoch took 1017.92 s

Epoch: 136
Mode: MODE.TRAIN
Losses: 0.844810527456386
Metrics: {'Acc@1_broad': 0.691656, 'Acc@1_fine': 0.7120564}
Best Acc@1_fine till now: 0.7135350108146667


Epoch: 136
Mode: MODE.EVAL
Losses: nan
Metrics: {'Acc@1_broad': 0.6907842, 'Acc@1_fine': 0.7068073}
Best Acc@1_fine till now: 0.7077030539512634

Epoch took 1017.61 s

Epoch: 137
Mode: MODE.TRAIN
Losses: 0.8468996402247787
Metrics: {'Acc@1_broad': 0.69475305, 'Acc@1_fine': 0.7117168}
Best Acc@1_fine till now: 0.7135350108146667


Epoch: 137
Mode: MODE.EVAL
Losses: nan
Metrics: {'Acc@1_broad': 0.68988854, 'Acc@1_fine': 0.7068073}
Best Acc@1_fine till now: 0.7077030539512634

Epoch took 1017.51 s

Epoch: 138
Mode: MODE.TRAIN
Losses: 0.8449589899738731
Metrics: {'Acc@1_broad': 0.6940138, 'Acc@1_fine': 0.71201646}
Best Acc@1_fine till now: 0.7135350108146667


Epoch: 138
Mode: MODE.EVAL
Losses: nan
Metrics: {'Acc@1_broad': 0.68959, 'Acc@1_fine': 0.70591164}
Best Acc@1_fine till now: 0.7077030539512634

Epoch took 1018.20 s

Epoch: 139
Mode: MODE.TRAIN
Losses: 0.8426253933583379
Metrics: {'Acc@1_broad': 0.6938739, 'Acc@1_fine': 0.7132153}
Best Acc@1_fine till now: 0.7135350108146667


Epoch: 139
Mode: MODE.EVAL
Losses: nan
Metrics: {'Acc@1_broad': 0.69048566, 'Acc@1_fine': 0.70740443}
Best Acc@1_fine till now: 0.7077030539512634

Epoch took 1018.05 s

Epoch: 140
Mode: MODE.TRAIN
Losses: 0.8410489885398494
Metrics: {'Acc@1_broad': 0.6932345, 'Acc@1_fine': 0.71221626}
Best Acc@1_fine till now: 0.7135350108146667


Epoch: 140
Mode: MODE.EVAL
Losses: nan
Metrics: {'Acc@1_broad': 0.6901871, 'Acc@1_fine': 0.7071059}
Best Acc@1_fine till now: 0.7077030539512634

Epoch took 1017.68 s

Epoch: 141
Mode: MODE.TRAIN
Losses: 0.8449279816864091
Metrics: {'Acc@1_broad': 0.69465315, 'Acc@1_fine': 0.70955884}
Best Acc@1_fine till now: 0.7135350108146667


Epoch: 141
Mode: MODE.EVAL
Losses: nan
Metrics: {'Acc@1_broad': 0.69048566, 'Acc@1_fine': 0.7068073}
Best Acc@1_fine till now: 0.7077030539512634

Epoch took 1018.05 s

Epoch: 142
Mode: MODE.TRAIN
Losses: 0.8427056369879057
Metrics: {'Acc@1_broad': 0.69235533, 'Acc@1_fine': 0.71115726}
Best Acc@1_fine till now: 0.7135350108146667


Epoch: 142
Mode: MODE.EVAL
Losses: nan
Metrics: {'Acc@1_broad': 0.68899286, 'Acc@1_fine': 0.70650876}
Best Acc@1_fine till now: 0.7077030539512634

Epoch took 1017.95 s

Epoch: 143
Mode: MODE.TRAIN
Losses: 0.8396586254429634
Metrics: {'Acc@1_broad': 0.692755, 'Acc@1_fine': 0.71105736}
Best Acc@1_fine till now: 0.7135350108146667


Epoch: 143
Mode: MODE.EVAL
Losses: nan
Metrics: {'Acc@1_broad': 0.6913814, 'Acc@1_fine': 0.7062102}
Best Acc@1_fine till now: 0.7077030539512634

Epoch took 1018.20 s

Epoch: 144
Mode: MODE.TRAIN
Losses: 0.8439907120621722
Metrics: {'Acc@1_broad': 0.69253516, 'Acc@1_fine': 0.7110774}
Best Acc@1_fine till now: 0.7135350108146667


Epoch: 144
Mode: MODE.EVAL
Losses: nan
Metrics: {'Acc@1_broad': 0.6913814, 'Acc@1_fine': 0.70650876}
Best Acc@1_fine till now: 0.7077030539512634

Epoch took 1018.06 s

Epoch: 145
Mode: MODE.TRAIN
Losses: 0.8445185541039537
Metrics: {'Acc@1_broad': 0.6935342, 'Acc@1_fine': 0.7121363}
Best Acc@1_fine till now: 0.7135350108146667


Epoch: 145
Mode: MODE.EVAL
Losses: nan
Metrics: {'Acc@1_broad': 0.6901871, 'Acc@1_fine': 0.70650876}
Best Acc@1_fine till now: 0.7077030539512634

Epoch took 1018.27 s

Epoch: 146
Mode: MODE.TRAIN
Losses: 0.8402422220658159
Metrics: {'Acc@1_broad': 0.6918958, 'Acc@1_fine': 0.7113771}
Best Acc@1_fine till now: 0.7135350108146667


Epoch: 146
Mode: MODE.EVAL
Losses: nan
Metrics: {'Acc@1_broad': 0.6901871, 'Acc@1_fine': 0.70650876}
Best Acc@1_fine till now: 0.7077030539512634

Epoch took 1018.17 s

Epoch: 147
Mode: MODE.TRAIN
Losses: 0.8437264045638502
Metrics: {'Acc@1_broad': 0.6939538, 'Acc@1_fine': 0.71057785}
Best Acc@1_fine till now: 0.7135350108146667


Epoch: 147
Mode: MODE.EVAL
Losses: nan
Metrics: {'Acc@1_broad': 0.6907842, 'Acc@1_fine': 0.7068073}
Best Acc@1_fine till now: 0.7077030539512634

Epoch took 1018.26 s

Epoch: 148
Mode: MODE.TRAIN
Losses: 0.8446132077280518
Metrics: {'Acc@1_broad': 0.6921755, 'Acc@1_fine': 0.71159685}
Best Acc@1_fine till now: 0.7135350108146667


Epoch: 148
Mode: MODE.EVAL
Losses: nan
Metrics: {'Acc@1_broad': 0.69048566, 'Acc@1_fine': 0.7071059}
Best Acc@1_fine till now: 0.7077030539512634

Epoch took 1018.06 s

Epoch: 149
Mode: MODE.TRAIN
Losses: 0.8450373313615999
Metrics: {'Acc@1_broad': 0.69471306, 'Acc@1_fine': 0.71027815}
Best Acc@1_fine till now: 0.7135350108146667


Epoch: 149
Mode: MODE.EVAL
Losses: nan
Metrics: {'Acc@1_broad': 0.68899286, 'Acc@1_fine': 0.7071059}
Best Acc@1_fine till now: 0.7077030539512634

Epoch took 1017.92 s

Epoch: 150
Mode: MODE.TRAIN
Losses: nan
Metrics: {'Acc@1_broad': 0.6919757, 'Acc@1_fine': 0.71215636}
Best Acc@1_fine till now: 0.7135350108146667


Epoch: 150
Mode: MODE.EVAL
Losses: nan
Metrics: {'Acc@1_broad': 0.6907842, 'Acc@1_fine': 0.7062102}
Best Acc@1_fine till now: 0.7077030539512634

Epoch took 1022.15 s

Epoch: 151
Mode: MODE.TRAIN
Losses: 0.8412148854159334
Metrics: {'Acc@1_broad': 0.6934343, 'Acc@1_fine': 0.7117168}
Best Acc@1_fine till now: 0.7135350108146667


Epoch: 151
Mode: MODE.EVAL
Losses: nan
Metrics: {'Acc@1_broad': 0.6901871, 'Acc@1_fine': 0.70650876}
Best Acc@1_fine till now: 0.7077030539512634

Epoch took 1018.00 s

Epoch: 152
Mode: MODE.TRAIN
Losses: 0.8429237970763155
Metrics: {'Acc@1_broad': 0.692715, 'Acc@1_fine': 0.7102182}
Best Acc@1_fine till now: 0.7135350108146667


Epoch: 152
Mode: MODE.EVAL
Losses: nan
Metrics: {'Acc@1_broad': 0.6907842, 'Acc@1_fine': 0.70770305}
Best Acc@1_fine till now: 0.7077030539512634

Epoch took 1018.02 s

Epoch: 153
Mode: MODE.TRAIN
Losses: 0.8428564795371517
Metrics: {'Acc@1_broad': 0.69345427, 'Acc@1_fine': 0.71115726}
Best Acc@1_fine till now: 0.7135350108146667


Epoch: 153
Mode: MODE.EVAL
Losses: nan
Metrics: {'Acc@1_broad': 0.6901871, 'Acc@1_fine': 0.70650876}
Best Acc@1_fine till now: 0.7077030539512634

Epoch took 1018.30 s

Epoch: 154
Mode: MODE.TRAIN
Losses: 0.8442541046825516
Metrics: {'Acc@1_broad': 0.694773, 'Acc@1_fine': 0.7120764}
Best Acc@1_fine till now: 0.7135350108146667


Epoch: 154
Mode: MODE.EVAL
Losses: nan
Metrics: {'Acc@1_broad': 0.6901871, 'Acc@1_fine': 0.7071059}
Best Acc@1_fine till now: 0.7077030539512634

Epoch took 1018.34 s

Epoch: 155
Mode: MODE.TRAIN
Losses: 0.8443763135263073
Metrics: {'Acc@1_broad': 0.69287485, 'Acc@1_fine': 0.71085757}
Best Acc@1_fine till now: 0.7135350108146667


Epoch: 155
Mode: MODE.EVAL
Losses: nan
Metrics: {'Acc@1_broad': 0.6901871, 'Acc@1_fine': 0.7071059}
Best Acc@1_fine till now: 0.7077030539512634

Epoch took 1017.72 s

Epoch: 156
Mode: MODE.TRAIN
Losses: 0.8437661891398223
Metrics: {'Acc@1_broad': 0.6921356, 'Acc@1_fine': 0.71169674}
Best Acc@1_fine till now: 0.7135350108146667


Epoch: 156
Mode: MODE.EVAL
Losses: nan
Metrics: {'Acc@1_broad': 0.68988854, 'Acc@1_fine': 0.70740443}
Best Acc@1_fine till now: 0.7077030539512634

Epoch took 1017.82 s

Epoch: 157
Mode: MODE.TRAIN
Losses: 0.8448345414208024
Metrics: {'Acc@1_broad': 0.69307464, 'Acc@1_fine': 0.7117767}
Best Acc@1_fine till now: 0.7135350108146667


Epoch: 157
Mode: MODE.EVAL
Losses: nan
Metrics: {'Acc@1_broad': 0.68959, 'Acc@1_fine': 0.70650876}
Best Acc@1_fine till now: 0.7077030539512634

Epoch took 1018.25 s

Epoch: 158
Mode: MODE.TRAIN
Losses: 0.8429444383477311
Metrics: {'Acc@1_broad': 0.6927949, 'Acc@1_fine': 0.7100783}
Best Acc@1_fine till now: 0.7135350108146667


Epoch: 158
Mode: MODE.EVAL
Losses: nan
Metrics: {'Acc@1_broad': 0.68988854, 'Acc@1_fine': 0.7071059}
Best Acc@1_fine till now: 0.7077030539512634

Epoch took 1018.18 s

Epoch: 159
Mode: MODE.TRAIN
Losses: 0.8421794858277606
Metrics: {'Acc@1_broad': 0.6903972, 'Acc@1_fine': 0.7112172}
Best Acc@1_fine till now: 0.7135350108146667


Epoch: 159
Mode: MODE.EVAL
Losses: nan
Metrics: {'Acc@1_broad': 0.6910828, 'Acc@1_fine': 0.7056131}
Best Acc@1_fine till now: 0.7077030539512634

Epoch took 1017.80 s

Epoch: 160
Mode: MODE.TRAIN
Losses: 0.8413800181025435
Metrics: {'Acc@1_broad': 0.69263506, 'Acc@1_fine': 0.71287566}
Best Acc@1_fine till now: 0.7135350108146667


Epoch: 160
Mode: MODE.EVAL
Losses: nan
Metrics: {'Acc@1_broad': 0.69048566, 'Acc@1_fine': 0.7068073}
Best Acc@1_fine till now: 0.7077030539512634

Epoch took 1017.85 s

Epoch: 161
Mode: MODE.TRAIN
Losses: 0.8421766008714886
Metrics: {'Acc@1_broad': 0.69277495, 'Acc@1_fine': 0.71193653}
Best Acc@1_fine till now: 0.7135350108146667


Epoch: 161
Mode: MODE.EVAL
Losses: nan
Metrics: {'Acc@1_broad': 0.6901871, 'Acc@1_fine': 0.7062102}
Best Acc@1_fine till now: 0.7077030539512634

Epoch took 1017.57 s

Epoch: 162
Mode: MODE.TRAIN
Losses: 0.8428897427780854
Metrics: {'Acc@1_broad': 0.69205564, 'Acc@1_fine': 0.7113371}
Best Acc@1_fine till now: 0.7135350108146667


Epoch: 162
Mode: MODE.EVAL
Losses: nan
Metrics: {'Acc@1_broad': 0.6910828, 'Acc@1_fine': 0.70740443}
Best Acc@1_fine till now: 0.7077030539512634

Epoch took 1018.05 s
